Arguments: 
  C:\Program Files\nodejs\node.exe C:\Program Files\nodejs\node_modules\yarn\bin\yarn.js

PATH: 
  C:\Users\ly-haoli\bin;D:\Applications\Git\mingw64\bin;D:\Applications\Git\usr\local\bin;D:\Applications\Git\usr\bin;D:\Applications\Git\usr\bin;D:\Applications\Git\mingw64\bin;D:\Applications\Git\usr\bin;C:\Users\ly-haoli\bin;C:\Windows\system32;C:\Windows;C:\Windows\System32\Wbem;C:\Windows\System32\WindowsPowerShell\v1.0;C:\Windows\System32\OpenSSH;C:\Program Files\TortoiseSVN\bin;C:\Users\ly-haoli\AppData\Roaming\nvm;C:\Program Files\nodejs;D:\App;ications\Git\cmd;D:\Applications\Git\cmd;D:\Applications\微信web开发者工具\dll;C:\Program Files\Docker\Docker\resources\bin;C:\Windows\system32;C:\Windows;C:\Windows\System32\Wbem;C:\Windows\System32\WindowsPowerShell\v1.0;C:\Windows\System32\OpenSSH;C:\Program Files\TortoiseSVN\bin;C:\Users\ly-haoli\AppData\Roaming\nvm;C:\Program Files\nodejs;D:\App;ications\Git\cmd;D:\Applications\Git\cmd;D:\Applications\微信web开发者工具\dll;C:\Program Files\Docker\Docker\resources\bin;C:\Users\ly-haoli\AppData\Local\Microsoft\WindowsApps;C:\Program Files (x86)\GnuWin32\bin;D:\Applications\Microsoft VS Code\bin;C:\Users\ly-haoli\AppData\Local\GitHubDesktop\bin;D:\mongodb-windows-x86_64-5.0.25\mongodb-win32-x86_64-windows-5.0.25\bin;D:\Applications\DevEco Studio\bin;D:\Applications\WeChat;D:\Applications\Git\usr\bin\vendor_perl;D:\Applications\Git\usr\bin\core_perl

Yarn version: 
  1.22.19

Node version: 
  18.17.0

Platform: 
  win32 x64

Trace: 
  Error: E:\MyGithub\slickcss\node_modules\esbuild: UNKNOWN: unknown error, open 'C:\Users\ly-haoli\AppData\Local\Temp\yarn--1731578113479-0.8251041649942286\yarn.cmd'

npm manifest: 
  {
    "name": "slickcss",
    "version": "0.0.1",
    "description": "css magic",
    "module": "dist/index.js",
    "types": "dist/index.d.ts",
    "scripts": {
      "start": "npm run dev",
      "dev": "dumi dev",
      "build": "father build",
      "build:watch": "father dev",
      "docs:build": "dumi build",
      "docs:preview": "dumi preview",
      "prepare": "husky install && dumi setup",
      "doctor": "father doctor",
      "lint": "npm run lint:es && npm run lint:css",
      "lint:css": "stylelint \"{src,test}/**/*.{css,less}\"",
      "lint:es": "eslint \"{src,test}/**/*.{js,jsx,ts,tsx}\"",
      "prepublishOnly": "father doctor && npm run build"
    },
    "authors": [
      "iversonwoool@gmail.com"
    ],
    "license": "MIT",
    "files": [
      "dist"
    ],
    "commitlint": {
      "extends": [
        "@commitlint/config-conventional"
      ]
    },
    "lint-staged": {
      "*.{md,json}": [
        "prettier --write --no-error-on-unmatched-pattern"
      ],
      "*.{css,less}": [
        "stylelint --fix",
        "prettier --write"
      ],
      "*.{js,jsx}": [
        "eslint --fix",
        "prettier --write"
      ],
      "*.{ts,tsx}": [
        "eslint --fix",
        "prettier --parser=typescript --write"
      ]
    },
    "publishConfig": {
      "access": "public"
    },
    "peerDependencies": {
      "react": ">=16.9.0",
      "react-dom": ">=16.9.0"
    },
    "devDependencies": {
      "@commitlint/cli": "^17.1.2",
      "@commitlint/config-conventional": "^17.1.0",
      "@types/react": "^18.0.0",
      "@types/react-dom": "^18.0.0",
      "@umijs/lint": "^4.0.0",
      "dumi": "^2.4.13",
      "eslint": "^8.23.0",
      "father": "^4.1.0",
      "husky": "^8.0.1",
      "lint-staged": "^13.0.3",
      "prettier": "^2.7.1",
      "prettier-plugin-organize-imports": "^3.0.0",
      "prettier-plugin-packagejson": "^2.2.18",
      "react": "^18.0.0",
      "react-dom": "^18.0.0",
      "stylelint": "^14.9.1"
    }
  }

yarn manifest: 
  No manifest

Lockfile: 
  No lockfile
